make[1]: Entering directory '/home/eunhyouk/Documents/KENS2018/src'
make[1]: Nothing to be done for 'all'.
make[1]: Leaving directory '/home/eunhyouk/Documents/KENS2018/src'
make[1]: Entering directory '/home/eunhyouk/Documents/KENS2018/app/TestTCP'
make[1]: Nothing to be done for 'all'.
make[1]: Leaving directory '/home/eunhyouk/Documents/KENS2018/app/TestTCP'
Running main() from gtest_main.cc
Note: Google Test filter = TestEnv_Reliable.TestAccept_Backlog2
[==========] Running 1 test from 1 test case.
[----------] Global test environment set-up.
[----------] 1 test from TestEnv_Reliable
[ RUN      ] TestEnv_Reliable.TestAccept_Backlog2
got SYN
send SYNACK!
got ACK
got SYN
but backlog full...
# of conns:1
got SYN
but backlog full...
# of conns:1
got SYN
but backlog full...
# of conns:1
got SYN
but backlog full...
# of conns:1
got SYN
but backlog full...
# of conns:1
calling accept...
ACCEPT()UUID:5
calling accept...
ACCEPT()UUID:8
cleanup 8
cleanup 21
cleanup 19
cleanup 17
cleanup 15
cleanup 13
calling accept...
calling accept...
calling accept...
calling accept...
calling accept...
calling accept...
calling accept...
calling accept...
testhandshake.cpp:90: Failure
Value of: expected_accept
  Actual: 6
Expected: (int)client_sockets.size()
Which is: 1
testhandshake.cpp:168: Failure
Value of: expected_connect
  Actual: 1
Expected: (int)client_sockets.size()
Which is: 0
testhandshake.cpp:168: Failure
Value of: expected_connect
  Actual: 1
Expected: (int)client_sockets.size()
Which is: 0
testhandshake.cpp:168: Failure
Value of: expected_connect
  Actual: 1
Expected: (int)client_sockets.size()
Which is: 0
testhandshake.cpp:168: Failure
Value of: expected_connect
  Actual: 1
Expected: (int)client_sockets.size()
Which is: 0
testhandshake.cpp:168: Failure
Value of: expected_connect
  Actual: 1
Expected: (int)client_sockets.size()
Which is: 0
[  FAILED  ] TestEnv_Reliable.TestAccept_Backlog2 (88 ms)
[----------] 1 test from TestEnv_Reliable (88 ms total)

[----------] Global test environment tear-down
[==========] 1 test from 1 test case ran. (89 ms total)
[  PASSED  ] 0 tests.
[  FAILED  ] 1 test, listed below:
[  FAILED  ] TestEnv_Reliable.TestAccept_Backlog2

 1 FAILED TEST
Makefile:59: recipe for target 'test_accept1' failed
